<?xml version="1.1" encoding="UTF-8"?>
<testsuite name="TestTest" tests="1" failures="0" errors="0" timestamp="2013-03-06T00:10:31" hostname="ronys-MacBook-Pro.local" time="0.0010">
  <properties/>
  <testcase name="testSomething" classname="TestTest" time="0.0010"/>
  <system-out><![CDATA[]]></system-out>
  <system-err><![CDATA[]]></system-err>
</testsuite>
